  [1m[36m (0.0ms)[0m  [1mselect sqlite_version(*)[0m
  [1m[35m (29.2ms)[0m  CREATE TABLE "schema_migrations" ("version" varchar(255) NOT NULL) 
  [1m[36m (0.1ms)[0m  [1mPRAGMA index_list("schema_migrations")[0m
  [1m[35m (6.3ms)[0m  CREATE UNIQUE INDEX "unique_schema_migrations" ON "schema_migrations" ("version")
  [1m[36m (0.1ms)[0m  [1mSELECT "schema_migrations"."version" FROM "schema_migrations" [0m
Migrating to CreateMovies (20111119180638)
  [1m[35m (0.3ms)[0m  CREATE TABLE "movies" ("id" INTEGER PRIMARY KEY AUTOINCREMENT NOT NULL, "title" varchar(255), "rating" varchar(255), "description" text, "release_date" datetime, "created_at" datetime, "updated_at" datetime) 
  [1m[36m (0.1ms)[0m  [1mINSERT INTO "schema_migrations" ("version") VALUES ('20111119180638')[0m
  [1m[35m (0.2ms)[0m  select sqlite_version(*)
  [1m[36m (0.1ms)[0m  [1mSELECT "schema_migrations"."version" FROM "schema_migrations" [0m
  [1m[35m (0.0ms)[0m  PRAGMA index_list("movies")
  [1m[36m (0.1ms)[0m  [1mSELECT "schema_migrations"."version" FROM "schema_migrations" [0m
  [1m[35mSQL (17.9ms)[0m  INSERT INTO "movies" ("created_at", "description", "rating", "release_date", "title", "updated_at") VALUES (?, ?, ?, ?, ?, ?)  [["created_at", Wed, 31 Jul 2013 16:58:33 UTC +00:00], ["description", nil], ["rating", "G"], ["release_date", Wed, 25 Nov 1992 00:00:00 UTC +00:00], ["title", "Aladdin"], ["updated_at", Wed, 31 Jul 2013 16:58:33 UTC +00:00]]
  [1m[36mSQL (0.3ms)[0m  [1mINSERT INTO "movies" ("created_at", "description", "rating", "release_date", "title", "updated_at") VALUES (?, ?, ?, ?, ?, ?)[0m  [["created_at", Wed, 31 Jul 2013 16:58:33 UTC +00:00], ["description", nil], ["rating", "R"], ["release_date", Fri, 26 Oct 1984 00:00:00 UTC +00:00], ["title", "The Terminator"], ["updated_at", Wed, 31 Jul 2013 16:58:33 UTC +00:00]]
  [1m[35mSQL (0.3ms)[0m  INSERT INTO "movies" ("created_at", "description", "rating", "release_date", "title", "updated_at") VALUES (?, ?, ?, ?, ?, ?)  [["created_at", Wed, 31 Jul 2013 16:58:33 UTC +00:00], ["description", nil], ["rating", "R"], ["release_date", Fri, 21 Jul 1989 00:00:00 UTC +00:00], ["title", "When Harry Met Sally"], ["updated_at", Wed, 31 Jul 2013 16:58:33 UTC +00:00]]
  [1m[36mSQL (0.2ms)[0m  [1mINSERT INTO "movies" ("created_at", "description", "rating", "release_date", "title", "updated_at") VALUES (?, ?, ?, ?, ?, ?)[0m  [["created_at", Wed, 31 Jul 2013 16:58:33 UTC +00:00], ["description", nil], ["rating", "PG-13"], ["release_date", Wed, 10 Aug 2011 00:00:00 UTC +00:00], ["title", "The Help"], ["updated_at", Wed, 31 Jul 2013 16:58:33 UTC +00:00]]
  [1m[35mSQL (0.2ms)[0m  INSERT INTO "movies" ("created_at", "description", "rating", "release_date", "title", "updated_at") VALUES (?, ?, ?, ?, ?, ?)  [["created_at", Wed, 31 Jul 2013 16:58:33 UTC +00:00], ["description", nil], ["rating", "PG-13"], ["release_date", Fri, 05 Jan 2001 00:00:00 UTC +00:00], ["title", "Chocolat"], ["updated_at", Wed, 31 Jul 2013 16:58:33 UTC +00:00]]
  [1m[36mSQL (0.2ms)[0m  [1mINSERT INTO "movies" ("created_at", "description", "rating", "release_date", "title", "updated_at") VALUES (?, ?, ?, ?, ?, ?)[0m  [["created_at", Wed, 31 Jul 2013 16:58:33 UTC +00:00], ["description", nil], ["rating", "R"], ["release_date", Wed, 25 Apr 2001 00:00:00 UTC +00:00], ["title", "Amelie"], ["updated_at", Wed, 31 Jul 2013 16:58:33 UTC +00:00]]
  [1m[35mSQL (0.3ms)[0m  INSERT INTO "movies" ("created_at", "description", "rating", "release_date", "title", "updated_at") VALUES (?, ?, ?, ?, ?, ?)  [["created_at", Wed, 31 Jul 2013 16:58:33 UTC +00:00], ["description", nil], ["rating", "G"], ["release_date", Sat, 06 Apr 1968 00:00:00 UTC +00:00], ["title", "2001: A Space Odyssey"], ["updated_at", Wed, 31 Jul 2013 16:58:33 UTC +00:00]]
  [1m[36mSQL (0.2ms)[0m  [1mINSERT INTO "movies" ("created_at", "description", "rating", "release_date", "title", "updated_at") VALUES (?, ?, ?, ?, ?, ?)[0m  [["created_at", Wed, 31 Jul 2013 16:58:33 UTC +00:00], ["description", nil], ["rating", "PG"], ["release_date", Fri, 05 Nov 2004 00:00:00 UTC +00:00], ["title", "The Incredibles"], ["updated_at", Wed, 31 Jul 2013 16:58:33 UTC +00:00]]
  [1m[35mSQL (0.2ms)[0m  INSERT INTO "movies" ("created_at", "description", "rating", "release_date", "title", "updated_at") VALUES (?, ?, ?, ?, ?, ?)  [["created_at", Wed, 31 Jul 2013 16:58:33 UTC +00:00], ["description", nil], ["rating", "PG"], ["release_date", Fri, 12 Jun 1981 00:00:00 UTC +00:00], ["title", "Raiders of the Lost Ark"], ["updated_at", Wed, 31 Jul 2013 16:58:33 UTC +00:00]]
  [1m[36mSQL (0.2ms)[0m  [1mINSERT INTO "movies" ("created_at", "description", "rating", "release_date", "title", "updated_at") VALUES (?, ?, ?, ?, ?, ?)[0m  [["created_at", Wed, 31 Jul 2013 16:58:33 UTC +00:00], ["description", nil], ["rating", "G"], ["release_date", Wed, 21 Jun 2000 00:00:00 UTC +00:00], ["title", "Chicken Run"], ["updated_at", Wed, 31 Jul 2013 16:58:33 UTC +00:00]]


Started GET "/movies" for 127.0.0.1 at 2013-07-31 10:23:09 -0700
  Processing by MoviesController#index as HTML
  [1m[36mMovie Load (0.2ms)[0m  [1mSELECT "movies".* FROM "movies" [0m
Rendered movies/index.html.haml within layouts/application (48.7ms)
Compiled application.css  (0ms)  (pid 2176)
Compiled application.js  (18ms)  (pid 2176)
Compiled jquery.js  (17ms)  (pid 2176)
Compiled jquery_ujs.js  (9ms)  (pid 2176)
Completed 200 OK in 157ms (Views: 156.0ms | ActiveRecord: 0.3ms)


Started GET "/assets/application.css?body=1" for 127.0.0.1 at 2013-07-31 10:23:10 -0700
Served asset /application.css - 304 Not Modified (1ms)


Started GET "/assets/application.js?body=1" for 127.0.0.1 at 2013-07-31 10:23:10 -0700
Served asset /application.js - 304 Not Modified (27ms)


Started GET "/assets/jquery.js?body=1" for 127.0.0.1 at 2013-07-31 10:23:10 -0700
Served asset /jquery.js - 304 Not Modified (1ms)


Started GET "/assets/jquery_ujs.js?body=1" for 127.0.0.1 at 2013-07-31 10:23:10 -0700
Served asset /jquery_ujs.js - 304 Not Modified (1ms)


Started GET "/" for 127.0.0.1 at 2013-07-31 15:34:21 -0700
  Processing by MoviesController#index as HTML
Rendered movies/index.html.haml within layouts/application (62.4ms)
Completed 500 Internal Server Error in 126ms

ActionView::Template::Error (No route matches {:action=>"search_tmdb", :controller=>"movies"}):
    28: 
    29: %h1 Search TMDb for a movie
    30: 
    31: = form_tag :action => 'search_tmdb' do
    32: 
    33:   %label{:for => 'search_terms'} Search Terms
    34:   = text_field_tag 'search_terms'
  app/views/movies/index.html.haml:31:in `_app_views_movies_index_html_haml___745160386__617009548'

Rendered /usr/local/lib/ruby/gems/1.9.1/gems/actionpack-3.1.0/lib/action_dispatch/middleware/templates/rescues/routing_error.erb within rescues/layout (0.6ms)


Started GET "/movies" for 127.0.0.1 at 2013-07-31 15:35:54 -0700
  Processing by MoviesController#index as HTML
Rendered movies/index.html.haml within layouts/application (2.5ms)
Completed 500 Internal Server Error in 6ms

ActionView::Template::Error (No route matches {:action=>"search_tmdb", :controller=>"movies"}):
    28: 
    29: %h1 Search TMDb for a movie
    30: 
    31: = form_tag :action => 'search_tmdb' do
    32: 
    33:   %label{:for => 'search_terms'} Search Terms
    34:   = text_field_tag 'search_terms'
  app/views/movies/index.html.haml:31:in `_app_views_movies_index_html_haml___745160386__617009548'

Rendered /usr/local/lib/ruby/gems/1.9.1/gems/actionpack-3.1.0/lib/action_dispatch/middleware/templates/rescues/routing_error.erb within rescues/layout (0.3ms)


Started GET "/m/movies/1" for 127.0.0.1 at 2013-07-31 15:36:09 -0700

ActionController::RoutingError (No route matches [GET] "/m/movies/1"):
  

Rendered /usr/local/lib/ruby/gems/1.9.1/gems/actionpack-3.1.0/lib/action_dispatch/middleware/templates/rescues/routing_error.erb within rescues/layout (0.5ms)


Started GET "/movies/1" for 127.0.0.1 at 2013-07-31 15:36:15 -0700
  Processing by MoviesController#show as HTML
  Parameters: {"id"=>"1"}
  [1m[36mMovie Load (0.2ms)[0m  [1mSELECT "movies".* FROM "movies" WHERE "movies"."id" = ? LIMIT 1[0m  [["id", "1"]]
Rendered movies/show.html.haml within layouts/application (47.6ms)
Compiled application.css  (10ms)  (pid 5178)
Compiled application.js  (9ms)  (pid 5178)
Compiled jquery.js  (1ms)  (pid 5178)
Compiled jquery_ujs.js  (0ms)  (pid 5178)
Completed 200 OK in 165ms (Views: 162.4ms | ActiveRecord: 0.6ms)


Started GET "/assets/application.css?body=1" for 127.0.0.1 at 2013-07-31 15:36:16 -0700
Served asset /application.css - 200 OK (23ms)


Started GET "/assets/jquery.js?body=1" for 127.0.0.1 at 2013-07-31 15:36:16 -0700
Served asset /jquery.js - 200 OK (12ms)


Started GET "/assets/jquery_ujs.js?body=1" for 127.0.0.1 at 2013-07-31 15:36:16 -0700
Served asset /jquery_ujs.js - 200 OK (5ms)


Started GET "/assets/application.js?body=1" for 127.0.0.1 at 2013-07-31 15:36:16 -0700
Served asset /application.js - 200 OK (85ms)


Started GET "/" for 127.0.0.1 at 2013-07-31 15:37:11 -0700
  Processing by MoviesController#index as HTML
Rendered movies/index.html.haml within layouts/application (3.7ms)
Completed 500 Internal Server Error in 11ms

ActionView::Template::Error (Inconsistent indentation: 1 space used for indentation, but the rest of the document was indented using 2 spaces.):
    30: 
    31: /=form_tag :action => 'search_tmdb' do
    32: 
    33:  / %label{:for => 'search_terms'} Search Terms
    34:   /= text_field_tag 'search_terms'
    35:   /= submit_tag 'Search TMDb'
  app/views/movies/index.html.haml:33

Rendered /usr/local/lib/ruby/gems/1.9.1/gems/actionpack-3.1.0/lib/action_dispatch/middleware/templates/rescues/_trace.erb (1.1ms)
Rendered /usr/local/lib/ruby/gems/1.9.1/gems/actionpack-3.1.0/lib/action_dispatch/middleware/templates/rescues/_request_and_response.erb (0.6ms)
Rendered /usr/local/lib/ruby/gems/1.9.1/gems/actionpack-3.1.0/lib/action_dispatch/middleware/templates/rescues/template_error.erb within rescues/layout (5.9ms)


Started GET "/" for 127.0.0.1 at 2013-07-31 15:37:36 -0700
  Processing by MoviesController#index as HTML
Rendered movies/index.html.haml within layouts/application (2.0ms)
Completed 500 Internal Server Error in 12ms

ActionView::Template::Error (Illegal nesting: nesting within a tag that already has content is illegal.):
    30: 
    31: /=form_tag :action => 'search_tmdb' do
    32: 
    33:   /%label{:for => 'search_terms'} Search Terms
    34:     /= text_field_tag 'search_terms'
    35:     /= submit_tag 'Search TMDb'
  app/views/movies/index.html.haml:33

Rendered /usr/local/lib/ruby/gems/1.9.1/gems/actionpack-3.1.0/lib/action_dispatch/middleware/templates/rescues/_trace.erb (0.9ms)
Rendered /usr/local/lib/ruby/gems/1.9.1/gems/actionpack-3.1.0/lib/action_dispatch/middleware/templates/rescues/_request_and_response.erb (0.7ms)
Rendered /usr/local/lib/ruby/gems/1.9.1/gems/actionpack-3.1.0/lib/action_dispatch/middleware/templates/rescues/template_error.erb within rescues/layout (3.7ms)


Started GET "/" for 127.0.0.1 at 2013-07-31 15:38:20 -0700
  Processing by MoviesController#index as HTML
Rendered movies/index.html.haml within layouts/application (6.5ms)
Completed 500 Internal Server Error in 11ms

ActionView::Template::Error (Illegal nesting: nesting within a tag that already has content is illegal.):
    30: 
    31: /=form_tag :action => 'search_tmdb' do
    32: 
    33:   /%label{:for => 'search_terms'} Search Terms
    34:     /= text_field_tag 'search_terms'
    35:     /= submit_tag 'Search TMDb'
  app/views/movies/index.html.haml:33

Rendered /usr/local/lib/ruby/gems/1.9.1/gems/actionpack-3.1.0/lib/action_dispatch/middleware/templates/rescues/_trace.erb (0.9ms)
Rendered /usr/local/lib/ruby/gems/1.9.1/gems/actionpack-3.1.0/lib/action_dispatch/middleware/templates/rescues/_request_and_response.erb (1.0ms)
Rendered /usr/local/lib/ruby/gems/1.9.1/gems/actionpack-3.1.0/lib/action_dispatch/middleware/templates/rescues/template_error.erb within rescues/layout (37.7ms)


Started GET "/" for 127.0.0.1 at 2013-07-31 15:38:24 -0700
  Processing by MoviesController#index as HTML
Rendered movies/index.html.haml within layouts/application (2.4ms)
Completed 500 Internal Server Error in 12ms

ActionView::Template::Error (Illegal nesting: nesting within a tag that already has content is illegal.):
    30: 
    31: /=form_tag :action => 'search_tmdb' do
    32: 
    33:   /%label{:for => 'search_terms'} Search Terms
    34:     /= text_field_tag 'search_terms'
    35:     /= submit_tag 'Search TMDb'
  app/views/movies/index.html.haml:33

Rendered /usr/local/lib/ruby/gems/1.9.1/gems/actionpack-3.1.0/lib/action_dispatch/middleware/templates/rescues/_trace.erb (1.2ms)
Rendered /usr/local/lib/ruby/gems/1.9.1/gems/actionpack-3.1.0/lib/action_dispatch/middleware/templates/rescues/_request_and_response.erb (0.9ms)
Rendered /usr/local/lib/ruby/gems/1.9.1/gems/actionpack-3.1.0/lib/action_dispatch/middleware/templates/rescues/template_error.erb within rescues/layout (4.8ms)


Started GET "/" for 127.0.0.1 at 2013-07-31 15:38:47 -0700
  Processing by MoviesController#index as HTML
Rendered movies/index.html.haml within layouts/application (1.7ms)
Completed 500 Internal Server Error in 6ms

ActionView::Template::Error (There's no Ruby code for = to evaluate.):
    23:         %td= movie.release_date
    24:         %td= link_to "More about #{movie.title}", movie_path(movie)
    25: 
    26: = 
    27:   link_to 'Add new movie', new_movie_path
    28:   /add to end of app/views/movies/index.html.haml:
    29: 
  app/views/movies/index.html.haml:26

Rendered /usr/local/lib/ruby/gems/1.9.1/gems/actionpack-3.1.0/lib/action_dispatch/middleware/templates/rescues/_trace.erb (1.0ms)
Rendered /usr/local/lib/ruby/gems/1.9.1/gems/actionpack-3.1.0/lib/action_dispatch/middleware/templates/rescues/_request_and_response.erb (0.8ms)
Rendered /usr/local/lib/ruby/gems/1.9.1/gems/actionpack-3.1.0/lib/action_dispatch/middleware/templates/rescues/template_error.erb within rescues/layout (3.8ms)


Started GET "/" for 127.0.0.1 at 2013-07-31 15:39:12 -0700
  Processing by MoviesController#index as HTML
Rendered movies/index.html.haml within layouts/application (1.9ms)
Completed 500 Internal Server Error in 7ms

ActionView::Template::Error (Illegal nesting: nesting within a tag that already has content is illegal.):
    30: 
    31: /=form_tag :action => 'search_tmdb' do
    32: 
    33:   /%label{:for => 'search_terms'} Search Terms
    34:     /= text_field_tag 'search_terms'
    35:     /= submit_tag 'Search TMDb'
  app/views/movies/index.html.haml:33

Rendered /usr/local/lib/ruby/gems/1.9.1/gems/actionpack-3.1.0/lib/action_dispatch/middleware/templates/rescues/_trace.erb (1.1ms)
Rendered /usr/local/lib/ruby/gems/1.9.1/gems/actionpack-3.1.0/lib/action_dispatch/middleware/templates/rescues/_request_and_response.erb (1.2ms)
Rendered /usr/local/lib/ruby/gems/1.9.1/gems/actionpack-3.1.0/lib/action_dispatch/middleware/templates/rescues/template_error.erb within rescues/layout (4.5ms)


Started GET "/" for 127.0.0.1 at 2013-07-31 15:39:36 -0700
  Processing by MoviesController#index as HTML
Rendered movies/index.html.haml within layouts/application (5.1ms)
Completed 200 OK in 10ms (Views: 9.8ms | ActiveRecord: 0.0ms)


Started GET "/assets/application.css?body=1" for 127.0.0.1 at 2013-07-31 15:39:37 -0700
Served asset /application.css - 304 Not Modified (0ms)


Started GET "/assets/jquery.js?body=1" for 127.0.0.1 at 2013-07-31 15:39:37 -0700
Served asset /jquery.js - 304 Not Modified (0ms)


Started GET "/assets/jquery_ujs.js?body=1" for 127.0.0.1 at 2013-07-31 15:39:37 -0700
Served asset /jquery_ujs.js - 304 Not Modified (0ms)


Started GET "/assets/application.js?body=1" for 127.0.0.1 at 2013-07-31 15:39:37 -0700
Served asset /application.js - 304 Not Modified (0ms)


Started GET "/movies?utf8=%E2%9C%93&ratings%5BG%5D=1&ratings%5BPG%5D=1&ratings%5BPG-13%5D=1&ratings%5BR%5D=1&ratings%5BNC-17%5D=1&commit=Refresh" for 127.0.0.1 at 2013-07-31 15:44:00 -0700
  Processing by MoviesController#index as HTML
  Parameters: {"utf8"=>"✓", "ratings"=>{"G"=>"1", "PG"=>"1", "PG-13"=>"1", "R"=>"1", "NC-17"=>"1"}, "commit"=>"Refresh"}
  [1m[35mMovie Load (0.2ms)[0m  SELECT "movies".* FROM "movies" WHERE "movies"."rating" IN ('G', 'PG', 'PG-13', 'R', 'NC-17')
Rendered movies/index.html.haml within layouts/application (8.8ms)
Completed 200 OK in 57ms (Views: 12.5ms | ActiveRecord: 0.4ms)


Started GET "/assets/application.css?body=1" for 127.0.0.1 at 2013-07-31 15:44:00 -0700
Served asset /application.css - 304 Not Modified (0ms)


Started GET "/assets/jquery.js?body=1" for 127.0.0.1 at 2013-07-31 15:44:00 -0700
Served asset /jquery.js - 304 Not Modified (0ms)


Started GET "/assets/application.js?body=1" for 127.0.0.1 at 2013-07-31 15:44:00 -0700
Served asset /application.js - 304 Not Modified (0ms)


Started GET "/assets/jquery_ujs.js?body=1" for 127.0.0.1 at 2013-07-31 15:44:00 -0700
Served asset /jquery_ujs.js - 304 Not Modified (0ms)


Started GET "/movies" for 127.0.0.1 at 2013-07-31 15:44:18 -0700
  Processing by MoviesController#index as HTML
Redirected to http://localhost:3000/movies?ratings%5BG%5D=1&ratings%5BNC-17%5D=1&ratings%5BPG%5D=1&ratings%5BPG-13%5D=1&ratings%5BR%5D=1
  [1m[36mMovie Load (0.2ms)[0m  [1mSELECT "movies".* FROM "movies" WHERE "movies"."rating" IN ('G', 'PG', 'PG-13', 'R', 'NC-17')[0m
Completed 302 Found in 3ms


Started GET "/movies?ratings%5BG%5D=1&ratings%5BNC-17%5D=1&ratings%5BPG%5D=1&ratings%5BPG-13%5D=1&ratings%5BR%5D=1" for 127.0.0.1 at 2013-07-31 15:44:18 -0700
  Processing by MoviesController#index as HTML
  Parameters: {"ratings"=>{"G"=>"1", "NC-17"=>"1", "PG"=>"1", "PG-13"=>"1", "R"=>"1"}}
  [1m[35mMovie Load (0.2ms)[0m  SELECT "movies".* FROM "movies" WHERE "movies"."rating" IN ('G', 'PG', 'PG-13', 'R', 'NC-17')
Rendered movies/index.html.haml within layouts/application (13.3ms)
Completed 200 OK in 21ms (Views: 18.5ms | ActiveRecord: 0.6ms)


Started GET "/assets/application.css?body=1" for 127.0.0.1 at 2013-07-31 15:44:18 -0700
Served asset /application.css - 304 Not Modified (0ms)


Started GET "/assets/jquery.js?body=1" for 127.0.0.1 at 2013-07-31 15:44:18 -0700
Served asset /jquery.js - 304 Not Modified (0ms)


Started GET "/assets/jquery_ujs.js?body=1" for 127.0.0.1 at 2013-07-31 15:44:18 -0700
Served asset /jquery_ujs.js - 304 Not Modified (0ms)


Started GET "/assets/application.js?body=1" for 127.0.0.1 at 2013-07-31 15:44:18 -0700
Served asset /application.js - 304 Not Modified (5ms)


Started GET "/movies?utf8=%E2%9C%93&ratings%5BG%5D=1&ratings%5BPG%5D=1&ratings%5BPG-13%5D=1&ratings%5BR%5D=1&commit=Refresh" for 127.0.0.1 at 2013-07-31 15:44:49 -0700
  Processing by MoviesController#index as HTML
  Parameters: {"utf8"=>"✓", "ratings"=>{"G"=>"1", "PG"=>"1", "PG-13"=>"1", "R"=>"1"}, "commit"=>"Refresh"}
  [1m[36mMovie Load (0.1ms)[0m  [1mSELECT "movies".* FROM "movies" WHERE "movies"."rating" IN ('G', 'PG', 'PG-13', 'R')[0m
Rendered movies/index.html.haml within layouts/application (9.1ms)
Completed 200 OK in 15ms (Views: 13.0ms | ActiveRecord: 0.4ms)


Started GET "/assets/application.css?body=1" for 127.0.0.1 at 2013-07-31 15:44:49 -0700
Served asset /application.css - 304 Not Modified (0ms)


Started GET "/assets/jquery.js?body=1" for 127.0.0.1 at 2013-07-31 15:44:49 -0700
Served asset /jquery.js - 304 Not Modified (0ms)


Started GET "/assets/application.js?body=1" for 127.0.0.1 at 2013-07-31 15:44:49 -0700
Served asset /application.js - 304 Not Modified (0ms)


Started GET "/assets/jquery_ujs.js?body=1" for 127.0.0.1 at 2013-07-31 15:44:49 -0700
Served asset /jquery_ujs.js - 304 Not Modified (0ms)


Started GET "/movies?utf8=%E2%9C%93&ratings%5BG%5D=1&ratings%5BPG%5D=1&ratings%5BPG-13%5D=1&commit=Refresh" for 127.0.0.1 at 2013-07-31 15:44:52 -0700
  Processing by MoviesController#index as HTML
  Parameters: {"utf8"=>"✓", "ratings"=>{"G"=>"1", "PG"=>"1", "PG-13"=>"1"}, "commit"=>"Refresh"}
  [1m[35mMovie Load (0.1ms)[0m  SELECT "movies".* FROM "movies" WHERE "movies"."rating" IN ('G', 'PG', 'PG-13')
Rendered movies/index.html.haml within layouts/application (37.6ms)
Completed 200 OK in 46ms (Views: 44.3ms | ActiveRecord: 0.4ms)


Started GET "/assets/application.css?body=1" for 127.0.0.1 at 2013-07-31 15:44:52 -0700
Served asset /application.css - 304 Not Modified (0ms)


Started GET "/assets/application.js?body=1" for 127.0.0.1 at 2013-07-31 15:44:52 -0700
Served asset /application.js - 304 Not Modified (0ms)


Started GET "/assets/jquery_ujs.js?body=1" for 127.0.0.1 at 2013-07-31 15:44:52 -0700
Served asset /jquery_ujs.js - 304 Not Modified (0ms)


Started GET "/assets/jquery.js?body=1" for 127.0.0.1 at 2013-07-31 15:44:52 -0700
Served asset /jquery.js - 304 Not Modified (0ms)


Started GET "/movies/new" for 127.0.0.1 at 2013-07-31 15:44:54 -0700
  Processing by MoviesController#new as HTML
Rendered movies/new.html.haml within layouts/application (5.1ms)
Completed 200 OK in 48ms (Views: 47.5ms | ActiveRecord: 0.0ms)


Started GET "/assets/application.css?body=1" for 127.0.0.1 at 2013-07-31 15:44:54 -0700
Served asset /application.css - 304 Not Modified (0ms)


Started GET "/assets/jquery.js?body=1" for 127.0.0.1 at 2013-07-31 15:44:54 -0700
Served asset /jquery.js - 304 Not Modified (0ms)


Started GET "/assets/jquery_ujs.js?body=1" for 127.0.0.1 at 2013-07-31 15:44:54 -0700
Served asset /jquery_ujs.js - 304 Not Modified (0ms)


Started GET "/assets/application.js?body=1" for 127.0.0.1 at 2013-07-31 15:44:54 -0700
Served asset /application.js - 304 Not Modified (0ms)


Started POST "/movies" for 127.0.0.1 at 2013-07-31 15:44:58 -0700
  Processing by MoviesController#create as HTML
  Parameters: {"utf8"=>"✓", "authenticity_token"=>"zuJF11Dzv6QCrlNjLH/hp92hm7DR1lM+iUE2i64PTt4=", "movie"=>{"title"=>"", "rating"=>"G", "release_date(1i)"=>"2013", "release_date(2i)"=>"7", "release_date(3i)"=>"31"}, "commit"=>"Save Changes"}
  [1m[36mSQL (41.7ms)[0m  [1mINSERT INTO "movies" ("created_at", "description", "rating", "release_date", "title", "updated_at") VALUES (?, ?, ?, ?, ?, ?)[0m  [["created_at", Wed, 31 Jul 2013 22:44:58 UTC +00:00], ["description", nil], ["rating", "G"], ["release_date", Wed, 31 Jul 2013 00:00:00 UTC +00:00], ["title", ""], ["updated_at", Wed, 31 Jul 2013 22:44:58 UTC +00:00]]
Redirected to http://localhost:3000/movies
Completed 302 Found in 83ms


Started GET "/movies" for 127.0.0.1 at 2013-07-31 15:44:58 -0700
  Processing by MoviesController#index as HTML
Redirected to http://localhost:3000/movies?ratings%5BG%5D=1&ratings%5BPG%5D=1&ratings%5BPG-13%5D=1
  [1m[35mMovie Load (0.2ms)[0m  SELECT "movies".* FROM "movies" WHERE "movies"."rating" IN ('G', 'PG', 'PG-13')
Completed 302 Found in 4ms


Started GET "/movies?ratings%5BG%5D=1&ratings%5BPG%5D=1&ratings%5BPG-13%5D=1" for 127.0.0.1 at 2013-07-31 15:44:58 -0700
  Processing by MoviesController#index as HTML
  Parameters: {"ratings"=>{"G"=>"1", "PG"=>"1", "PG-13"=>"1"}}
  [1m[36mMovie Load (0.2ms)[0m  [1mSELECT "movies".* FROM "movies" WHERE "movies"."rating" IN ('G', 'PG', 'PG-13')[0m
Rendered movies/index.html.haml within layouts/application (10.2ms)
Completed 200 OK in 16ms (Views: 14.6ms | ActiveRecord: 0.4ms)


Started GET "/assets/application.css?body=1" for 127.0.0.1 at 2013-07-31 15:44:58 -0700
Served asset /application.css - 304 Not Modified (0ms)


Started GET "/assets/jquery.js?body=1" for 127.0.0.1 at 2013-07-31 15:44:58 -0700
Served asset /jquery.js - 304 Not Modified (0ms)


Started GET "/assets/application.js?body=1" for 127.0.0.1 at 2013-07-31 15:44:58 -0700
Served asset /application.js - 304 Not Modified (0ms)


Started GET "/assets/jquery_ujs.js?body=1" for 127.0.0.1 at 2013-07-31 15:44:58 -0700
Served asset /jquery_ujs.js - 304 Not Modified (0ms)


Started GET "/movies/11" for 127.0.0.1 at 2013-07-31 15:45:02 -0700
  Processing by MoviesController#show as HTML
  Parameters: {"id"=>"11"}
  [1m[35mMovie Load (0.1ms)[0m  SELECT "movies".* FROM "movies" WHERE "movies"."id" = ? LIMIT 1  [["id", "11"]]
Rendered movies/show.html.haml within layouts/application (6.4ms)
Completed 200 OK in 13ms (Views: 11.1ms | ActiveRecord: 0.4ms)


Started GET "/assets/application.css?body=1" for 127.0.0.1 at 2013-07-31 15:45:02 -0700
Served asset /application.css - 304 Not Modified (0ms)


Started GET "/assets/application.js?body=1" for 127.0.0.1 at 2013-07-31 15:45:02 -0700
Served asset /application.js - 304 Not Modified (0ms)


Started GET "/assets/jquery_ujs.js?body=1" for 127.0.0.1 at 2013-07-31 15:45:02 -0700
Served asset /jquery_ujs.js - 304 Not Modified (0ms)


Started GET "/assets/jquery.js?body=1" for 127.0.0.1 at 2013-07-31 15:45:02 -0700
Served asset /jquery.js - 304 Not Modified (0ms)


Started DELETE "/movies/11" for 127.0.0.1 at 2013-07-31 15:45:06 -0700
  Processing by MoviesController#destroy as HTML
  Parameters: {"authenticity_token"=>"zuJF11Dzv6QCrlNjLH/hp92hm7DR1lM+iUE2i64PTt4=", "id"=>"11"}
  [1m[36mMovie Load (0.1ms)[0m  [1mSELECT "movies".* FROM "movies" WHERE "movies"."id" = ? LIMIT 1[0m  [["id", "11"]]
  [1m[35mSQL (0.5ms)[0m  DELETE FROM "movies" WHERE "movies"."id" = ?  [["id", 11]]
Redirected to http://localhost:3000/movies
Completed 302 Found in 15ms


Started GET "/movies" for 127.0.0.1 at 2013-07-31 15:45:06 -0700
  Processing by MoviesController#index as HTML
Redirected to http://localhost:3000/movies?ratings%5BG%5D=1&ratings%5BPG%5D=1&ratings%5BPG-13%5D=1
  [1m[36mMovie Load (0.1ms)[0m  [1mSELECT "movies".* FROM "movies" WHERE "movies"."rating" IN ('G', 'PG', 'PG-13')[0m
Completed 302 Found in 2ms


Started GET "/movies?ratings%5BG%5D=1&ratings%5BPG%5D=1&ratings%5BPG-13%5D=1" for 127.0.0.1 at 2013-07-31 15:45:06 -0700
  Processing by MoviesController#index as HTML
  Parameters: {"ratings"=>{"G"=>"1", "PG"=>"1", "PG-13"=>"1"}}
  [1m[35mMovie Load (0.1ms)[0m  SELECT "movies".* FROM "movies" WHERE "movies"."rating" IN ('G', 'PG', 'PG-13')
Rendered movies/index.html.haml within layouts/application (8.3ms)
Completed 200 OK in 14ms (Views: 12.1ms | ActiveRecord: 0.3ms)


Started GET "/assets/application.css?body=1" for 127.0.0.1 at 2013-07-31 15:45:06 -0700
Served asset /application.css - 304 Not Modified (0ms)


Started GET "/assets/jquery_ujs.js?body=1" for 127.0.0.1 at 2013-07-31 15:45:06 -0700
Served asset /jquery_ujs.js - 304 Not Modified (0ms)


Started GET "/assets/jquery.js?body=1" for 127.0.0.1 at 2013-07-31 15:45:06 -0700
Served asset /jquery.js - 304 Not Modified (0ms)


Started GET "/assets/application.js?body=1" for 127.0.0.1 at 2013-07-31 15:45:06 -0700
Served asset /application.js - 304 Not Modified (0ms)
